<?xml version="1.0" encoding="UTF-8"?>
<testsuite xmlns:xsi="http://www.w3.org/2001/XMLSchema-instance" xsi:noNamespaceSchemaLocation="https://maven.apache.org/surefire/maven-surefire-plugin/xsd/surefire-test-report.xsd" name="com.bezkoder.spring.security.login.SpringBootLoginExampleApplicationTests" time="0.331" tests="1" errors="1" skipped="0" failures="0">
  <properties>
[...]
</properties>
  <testcase name="com.bezkoder.spring.security.login.SpringBootLoginExampleApplicationTests" classname="com.bezkoder.spring.security.login.SpringBootLoginExampleApplicationTests" time="0.329">
    <error message="Unable to find a @SpringBootConfiguration, you need to use @ContextConfiguration or @SpringBootTest(classes=...) with your test" type="java.lang.IllegalStateException">java.lang.IllegalStateException: Unable to find a @SpringBootConfiguration, you need to use @ContextConfiguration or @SpringBootTest(classes=...) with your test
</error>
    <system-out><![CDATA[15:30:50.061 [main] DEBUG org.springframework.test.context.BootstrapUtils - Instantiating CacheAwareContextLoaderDelegate from class [org.springframework.test.context.cache.DefaultCacheAwareContextLoaderDelegate]
15:30:50.077 [main] DEBUG org.springframework.test.context.BootstrapUtils - Instantiating BootstrapContext using constructor [public org.springframework.test.context.support.DefaultBootstrapContext(java.lang.Class,org.springframework.test.context.CacheAwareContextLoaderDelegate)]
15:30:50.133 [main] DEBUG org.springframework.test.context.BootstrapUtils - Instantiating TestContextBootstrapper for test class [com.bezkoder.spring.security.login.SpringBootLoginExampleApplicationTests] from class [org.springframework.boot.test.context.SpringBootTestContextBootstrapper]
15:30:50.146 [main] INFO org.springframework.boot.test.context.SpringBootTestContextBootstrapper - Neither @ContextConfiguration nor @ContextHierarchy found for test class [com.bezkoder.spring.security.login.SpringBootLoginExampleApplicationTests], using SpringBootContextLoader
15:30:50.150 [main] DEBUG org.springframework.test.context.support.AbstractContextLoader - Did not detect default resource location for test class [com.bezkoder.spring.security.login.SpringBootLoginExampleApplicationTests]: class path resource [com/bezkoder/spring/security/login/SpringBootLoginExampleApplicationTests-context.xml] does not exist
15:30:50.151 [main] DEBUG org.springframework.test.context.support.AbstractContextLoader - Did not detect default resource location for test class [com.bezkoder.spring.security.login.SpringBootLoginExampleApplicationTests]: class path resource [com/bezkoder/spring/security/login/SpringBootLoginExampleApplicationTestsContext.groovy] does not exist
15:30:50.151 [main] INFO org.springframework.test.context.support.AbstractContextLoader - Could not detect default resource locations for test class [com.bezkoder.spring.security.login.SpringBootLoginExampleApplicationTests]: no resource found for suffixes {-context.xml, Context.groovy}.
15:30:50.151 [main] INFO org.springframework.test.context.support.AnnotationConfigContextLoaderUtils - Could not detect default configuration classes for test class [com.bezkoder.spring.security.login.SpringBootLoginExampleApplicationTests]: SpringBootLoginExampleApplicationTests does not declare any static, non-private, non-final, nested classes annotated with @Configuration.
15:30:50.224 [main] DEBUG org.springframework.test.context.support.ActiveProfilesUtils - Could not find an 'annotation declaring class' for annotation type [org.springframework.test.context.ActiveProfiles] and class [com.bezkoder.spring.security.login.SpringBootLoginExampleApplicationTests]
]]></system-out>
  </testcase>
</testsuite>